  [1m[36m (1.2ms)[0m  [1mCREATE TABLE "schema_migrations" ("version" varchar NOT NULL) [0m
  [1m[35m (0.0ms)[0m  select sqlite_version(*)
  [1m[36m (1.0ms)[0m  [1mCREATE UNIQUE INDEX "unique_schema_migrations" ON "schema_migrations" ("version")[0m
  [1m[35mActiveRecord::SchemaMigration Load (0.1ms)[0m  SELECT "schema_migrations".* FROM "schema_migrations"
  [1m[36mActiveRecord::SchemaMigration Load (0.1ms)[0m  [1mSELECT "schema_migrations".* FROM "schema_migrations"[0m
Migrating to CreatePosts (20151230232412)
  [1m[35m (0.1ms)[0m  begin transaction
  [1m[36m (0.4ms)[0m  [1mCREATE TABLE "posts" ("id" INTEGER PRIMARY KEY AUTOINCREMENT NOT NULL, "title" varchar, "description" text, "created_at" datetime NOT NULL, "updated_at" datetime NOT NULL) [0m
  [1m[35mSQL (0.2ms)[0m  INSERT INTO "schema_migrations" ("version") VALUES (?)  [["version", "20151230232412"]]
  [1m[36m (1.3ms)[0m  [1mcommit transaction[0m
  [1m[35mActiveRecord::SchemaMigration Load (0.1ms)[0m  SELECT "schema_migrations".* FROM "schema_migrations"


Started GET "/posts/new" for ::1 at 2015-12-31 13:44:56 -0600
  [1m[36mActiveRecord::SchemaMigration Load (0.1ms)[0m  [1mSELECT "schema_migrations".* FROM "schema_migrations"[0m
Processing by PostsController#new as HTML
  Rendered posts/new.html.erb within layouts/application (2.1ms)
Completed 200 OK in 347ms (Views: 326.8ms | ActiveRecord: 0.2ms)


Started GET "/assets/application.self-e80e8f2318043e8af94dddc2adad5a4f09739a8ebb323b3ab31cd71d45fd9113.css?body=1" for ::1 at 2015-12-31 13:44:57 -0600


Started GET "/assets/application.self-3b8dabdc891efe46b9a144b400ad69e37d7e5876bdc39dee783419a69d7ca819.js?body=1" for ::1 at 2015-12-31 13:44:57 -0600


Started POST "/posts" for ::1 at 2015-12-31 13:45:03 -0600
Processing by PostsController#create as HTML
  Parameters: {"utf8"=>"✓", "authenticity_token"=>"mFCuNJP5reOW19phdr4zXRLzOMo4NZQ3wneiVR+RO/+owIoDiOxh24iHKkZ7DGazxbSIoRmvIOmJgA4gog1sGg==", "title"=>"Rails Introduction Quiz", "description"=>"asdfasdf", "commit"=>"Submit Post"}
  [1m[35m (0.1ms)[0m  begin transaction
  [1m[36mSQL (0.4ms)[0m  [1mINSERT INTO "posts" ("title", "description", "created_at", "updated_at") VALUES (?, ?, ?, ?)[0m  [["title", "Rails Introduction Quiz"], ["description", "asdfasdf"], ["created_at", "2015-12-31 19:45:03.614973"], ["updated_at", "2015-12-31 19:45:03.614973"]]
  [1m[35m (1.2ms)[0m  commit transaction
Redirected to http://localhost:3000/posts/1
Completed 302 Found in 22ms (ActiveRecord: 1.7ms)


Started GET "/posts/1" for ::1 at 2015-12-31 13:45:03 -0600
Processing by PostsController#show as HTML
  Parameters: {"id"=>"1"}
  [1m[36mPost Load (0.2ms)[0m  [1mSELECT  "posts".* FROM "posts" WHERE "posts"."id" = ? LIMIT 1[0m  [["id", 1]]
  Rendered posts/show.html.erb within layouts/application (0.4ms)
Completed 200 OK in 27ms (Views: 10.4ms | ActiveRecord: 0.2ms)
  [1m[35m (0.1ms)[0m  [1m[36mbegin transaction[0m
  [1m[35mSQL (0.6ms)[0m  [1m[32mINSERT INTO "posts" ("title", "description", "created_at", "updated_at") VALUES (?, ?, ?, ?)[0m  [["title", "Title Goes Here"], ["description", "Desc goes here..."], ["created_at", "2021-06-29 02:47:18.697469"], ["updated_at", "2021-06-29 02:47:18.697469"]]
  [1m[35m (1.1ms)[0m  [1m[36mcommit transaction[0m
  [1m[35m (0.1ms)[0m  [1m[36mbegin transaction[0m
  [1m[35mSQL (0.5ms)[0m  [1m[32mINSERT INTO "posts" ("title", "description", "created_at", "updated_at") VALUES (?, ?, ?, ?)[0m  [["title", "Title Goes Here"], ["description", "Desc goes here..."], ["created_at", "2021-06-29 02:48:52.579785"], ["updated_at", "2021-06-29 02:48:52.579785"]]
  [1m[35m (1.2ms)[0m  [1m[36mcommit transaction[0m
  [1m[35m (1.3ms)[0m  [1m[35mCREATE TABLE "ar_internal_metadata" ("key" varchar NOT NULL PRIMARY KEY, "value" varchar, "created_at" datetime NOT NULL, "updated_at" datetime NOT NULL)[0m
  [1m[36mActiveRecord::SchemaMigration Load (0.1ms)[0m  [1m[34mSELECT "schema_migrations".* FROM "schema_migrations"[0m
  [1m[36mActiveRecord::SchemaMigration Load (0.1ms)[0m  [1m[34mSELECT "schema_migrations".* FROM "schema_migrations"[0m
  [1m[36mActiveRecord::InternalMetadata Load (0.1ms)[0m  [1m[34mSELECT  "ar_internal_metadata".* FROM "ar_internal_metadata" WHERE "ar_internal_metadata"."key" = ? LIMIT ?[0m  [["key", "environment"], ["LIMIT", 1]]
  [1m[35m (0.0ms)[0m  [1m[36mbegin transaction[0m
  [1m[35mSQL (0.5ms)[0m  [1m[32mINSERT INTO "ar_internal_metadata" ("key", "value", "created_at", "updated_at") VALUES (?, ?, ?, ?)[0m  [["key", "environment"], ["value", "development"], ["created_at", "2021-06-29 02:53:26.322476"], ["updated_at", "2021-06-29 02:53:26.322476"]]
  [1m[35m (1.0ms)[0m  [1m[36mcommit transaction[0m
  [1m[36mActiveRecord::SchemaMigration Load (0.0ms)[0m  [1m[34mSELECT "schema_migrations".* FROM "schema_migrations"[0m
  [1m[36mActiveRecord::SchemaMigration Load (0.2ms)[0m  [1m[34mSELECT "schema_migrations".* FROM "schema_migrations"[0m
  [1m[36mActiveRecord::InternalMetadata Load (0.1ms)[0m  [1m[34mSELECT  "ar_internal_metadata".* FROM "ar_internal_metadata" WHERE "ar_internal_metadata"."key" = ? LIMIT ?[0m  [["key", "environment"], ["LIMIT", 1]]
  [1m[35m (0.0ms)[0m  [1m[36mbegin transaction[0m
  [1m[35m (0.0ms)[0m  [1m[36mcommit transaction[0m
  [1m[36mActiveRecord::SchemaMigration Load (0.0ms)[0m  [1m[34mSELECT "schema_migrations".* FROM "schema_migrations"[0m
  [1m[36mActiveRecord::SchemaMigration Load (0.1ms)[0m  [1m[34mSELECT "schema_migrations".* FROM "schema_migrations"[0m
  [1m[36mActiveRecord::InternalMetadata Load (0.1ms)[0m  [1m[34mSELECT  "ar_internal_metadata".* FROM "ar_internal_metadata" WHERE "ar_internal_metadata"."key" = ? LIMIT ?[0m  [["key", "environment"], ["LIMIT", 1]]
  [1m[35m (0.0ms)[0m  [1m[36mbegin transaction[0m
  [1m[35m (0.0ms)[0m  [1m[36mcommit transaction[0m
  [1m[36mActiveRecord::SchemaMigration Load (0.0ms)[0m  [1m[34mSELECT "schema_migrations".* FROM "schema_migrations"[0m
Started GET "/" for ::1 at 2021-06-28 22:56:01 -0400
  [1m[36mActiveRecord::SchemaMigration Load (0.1ms)[0m  [1m[34mSELECT "schema_migrations".* FROM "schema_migrations"[0m
Processing by Rails::WelcomeController#index as HTML
  Parameters: {"internal"=>true}
  Rendering /Users/mdstephens26/.rvm/gems/ruby-2.6.1/gems/railties-5.0.7.2/lib/rails/templates/rails/welcome/index.html.erb
  Rendered /Users/mdstephens26/.rvm/gems/ruby-2.6.1/gems/railties-5.0.7.2/lib/rails/templates/rails/welcome/index.html.erb (4.0ms)
Completed 200 OK in 21ms (Views: 10.5ms | ActiveRecord: 0.0ms)


Started GET "/posts" for ::1 at 2021-06-28 22:56:17 -0400
Processing by PostsController#index as HTML
  Rendering posts/index.html.erb within layouts/application
  [1m[36mPost Load (0.1ms)[0m  [1m[34mSELECT "posts".* FROM "posts"[0m
  Rendered posts/index.html.erb within layouts/application (4.3ms)
Completed 200 OK in 318ms (Views: 315.1ms | ActiveRecord: 0.6ms)


Started GET "/posts/new" for ::1 at 2021-06-28 22:56:25 -0400
Processing by PostsController#new as HTML
  Rendering posts/new.html.erb within layouts/application
  Rendered posts/new.html.erb within layouts/application (1.5ms)
Completed 200 OK in 14ms (Views: 12.2ms | ActiveRecord: 0.0ms)


Started POST "/posts" for ::1 at 2021-06-28 22:56:31 -0400
Processing by PostsController#create as HTML
  Parameters: {"utf8"=>"✓", "authenticity_token"=>"d8yJtilJ4o2FwvK2DMVj2BcSWi+mmemRlYKpzz9zhFdXmqfTMELHQqhi3vLNX6GBe5mfaBS8F78kX729fiJiww==", "title"=>"s", "description"=>"skj\r\n", "commit"=>"Submit Post"}
  [1m[35m (0.1ms)[0m  [1m[36mbegin transaction[0m
  [1m[35mSQL (0.5ms)[0m  [1m[32mINSERT INTO "posts" ("title", "description", "created_at", "updated_at") VALUES (?, ?, ?, ?)[0m  [["title", "s"], ["description", "skj\r\n"], ["created_at", "2021-06-29 02:56:31.338430"], ["updated_at", "2021-06-29 02:56:31.338430"]]
  [1m[35m (0.9ms)[0m  [1m[36mcommit transaction[0m
No template found for PostsController#create, rendering head :no_content
Completed 204 No Content in 27ms (ActiveRecord: 1.4ms)


Started GET "/posts" for ::1 at 2021-06-28 22:57:11 -0400
Processing by PostsController#index as HTML
  Rendering posts/index.html.erb within layouts/application
  [1m[36mPost Load (0.2ms)[0m  [1m[34mSELECT "posts".* FROM "posts"[0m
  Rendered posts/index.html.erb within layouts/application (1.3ms)
Completed 200 OK in 16ms (Views: 14.5ms | ActiveRecord: 0.2ms)


Started GET "/posts/new" for ::1 at 2021-06-28 22:57:18 -0400
Processing by PostsController#new as HTML
  Rendering posts/new.html.erb within layouts/application
  Rendered posts/new.html.erb within layouts/application (0.9ms)
Completed 200 OK in 32ms (Views: 30.8ms | ActiveRecord: 0.0ms)


Started POST "/posts" for ::1 at 2021-06-28 22:57:22 -0400
Processing by PostsController#create as HTML
  Parameters: {"utf8"=>"✓", "authenticity_token"=>"Z4Uo/NbRbKaztKvEuu+ZvV5RvY0iI1YWyhjttjxvymNH0waZz9pJaZ4Uh4B7dVvkMtp4ypAGqDh7xfnEfT4s9w==", "title"=>"sdfa", "description"=>"asdfasdf", "commit"=>"Submit Post"}
  [1m[35m (0.1ms)[0m  [1m[36mbegin transaction[0m
  [1m[35mSQL (0.4ms)[0m  [1m[32mINSERT INTO "posts" ("title", "description", "created_at", "updated_at") VALUES (?, ?, ?, ?)[0m  [["title", "sdfa"], ["description", "asdfasdf"], ["created_at", "2021-06-29 02:57:22.862738"], ["updated_at", "2021-06-29 02:57:22.862738"]]
  [1m[35m (0.8ms)[0m  [1m[36mcommit transaction[0m
No template found for PostsController#create, rendering head :no_content
Completed 204 No Content in 24ms (ActiveRecord: 1.2ms)


Started GET "/posts/new" for ::1 at 2021-06-28 23:00:32 -0400
  [1m[36mActiveRecord::SchemaMigration Load (0.1ms)[0m  [1m[34mSELECT "schema_migrations".* FROM "schema_migrations"[0m
Processing by PostsController#new as HTML
  Rendering posts/new.html.erb within layouts/application
  Rendered posts/new.html.erb within layouts/application (4.2ms)
Completed 200 OK in 206ms (Views: 193.4ms | ActiveRecord: 0.5ms)


Started POST "/posts" for ::1 at 2021-06-28 23:00:37 -0400
Processing by PostsController#create as HTML
  Parameters: {"utf8"=>"✓", "authenticity_token"=>"dLpIMVCINUyXrX44RZcAaEDSVfaaY5c0psJXrDjvfCFU7GZUSYMQg7oNUnyEDcIxLFmQsShGaRoXH0Peeb6atQ==", "title"=>"asdfas", "description"=>"asdfasd", "commit"=>"Submit Post"}
  [1m[35m (0.1ms)[0m  [1m[36mbegin transaction[0m
  [1m[35mSQL (0.5ms)[0m  [1m[32mINSERT INTO "posts" ("title", "description", "created_at", "updated_at") VALUES (?, ?, ?, ?)[0m  [["title", "asdfas"], ["description", "asdfasd"], ["created_at", "2021-06-29 03:00:37.833580"], ["updated_at", "2021-06-29 03:00:37.833580"]]
  [1m[35m (1.0ms)[0m  [1m[36mcommit transaction[0m
No template found for PostsController#create, rendering head :no_content
Completed 204 No Content in 45ms (ActiveRecord: 1.6ms)


Started GET "/posts/new" for ::1 at 2021-06-28 23:01:19 -0400
  [1m[36mActiveRecord::SchemaMigration Load (0.2ms)[0m  [1m[34mSELECT "schema_migrations".* FROM "schema_migrations"[0m
Processing by PostsController#new as HTML
  Rendering posts/new.html.erb within layouts/application
  Rendered posts/new.html.erb within layouts/application (5.9ms)
Completed 200 OK in 209ms (Views: 197.5ms | ActiveRecord: 0.4ms)


Started POST "/posts" for ::1 at 2021-06-28 23:01:24 -0400
Processing by PostsController#create as HTML
  Parameters: {"utf8"=>"✓", "authenticity_token"=>"uBvjdTctd3+G5SMgXd5nWSsxt3Ef40eo3dkr7wkXPS6YTc0QLiZSsKtFD2ScRKUAR7pyNq3GuYZsBD+dSEbbug==", "title"=>"asdf", "description"=>"adfasdf", "commit"=>"Submit Post"}
  [1m[35m (0.1ms)[0m  [1m[36mbegin transaction[0m
  [1m[35mSQL (0.6ms)[0m  [1m[32mINSERT INTO "posts" ("title", "description", "created_at", "updated_at") VALUES (?, ?, ?, ?)[0m  [["title", "asdf"], ["description", "adfasdf"], ["created_at", "2021-06-29 03:01:24.453840"], ["updated_at", "2021-06-29 03:01:24.453840"]]
  [1m[35m (1.2ms)[0m  [1m[36mcommit transaction[0m
No template found for PostsController#create, rendering head :no_content
Completed 204 No Content in 27ms (ActiveRecord: 1.9ms)


Started GET "/posts/new" for ::1 at 2021-06-28 23:09:09 -0400
  [1m[36mActiveRecord::SchemaMigration Load (0.1ms)[0m  [1m[34mSELECT "schema_migrations".* FROM "schema_migrations"[0m
Processing by PostsController#new as HTML
  Rendering posts/new.html.erb within layouts/application
  Rendered posts/new.html.erb within layouts/application (4.8ms)
Completed 200 OK in 202ms (Views: 190.9ms | ActiveRecord: 0.5ms)


Started POST "/posts" for ::1 at 2021-06-28 23:09:13 -0400
Processing by PostsController#create as HTML
  Parameters: {"utf8"=>"✓", "authenticity_token"=>"Eb2vJMinFK6Q6lmYrfiJDLaOLsnik56JHNuhhUCI2+gx64FB0awxYb1KddxsYktV2gXrjlC2YKetBrX3Adk9fA==", "title"=>"sdf", "description"=>"asdfasdf", "commit"=>"Submit Post"}
  [1m[35m (0.1ms)[0m  [1m[36mbegin transaction[0m
  [1m[35mSQL (0.6ms)[0m  [1m[32mINSERT INTO "posts" ("title", "description", "created_at", "updated_at") VALUES (?, ?, ?, ?)[0m  [["title", "sdf"], ["description", "asdfasdf"], ["created_at", "2021-06-29 03:09:13.362561"], ["updated_at", "2021-06-29 03:09:13.362561"]]
  [1m[35m (1.0ms)[0m  [1m[36mcommit transaction[0m
No template found for PostsController#create, rendering head :no_content
Completed 204 No Content in 27ms (ActiveRecord: 1.7ms)


Started GET "/" for ::1 at 2021-06-28 23:12:54 -0400
  [1m[36mActiveRecord::SchemaMigration Load (0.1ms)[0m  [1m[34mSELECT "schema_migrations".* FROM "schema_migrations"[0m
Processing by Rails::WelcomeController#index as HTML
  Parameters: {"internal"=>true}
  Rendering /Users/mdstephens26/.rvm/gems/ruby-2.6.1/gems/railties-5.0.7.2/lib/rails/templates/rails/welcome/index.html.erb
  Rendered /Users/mdstephens26/.rvm/gems/ruby-2.6.1/gems/railties-5.0.7.2/lib/rails/templates/rails/welcome/index.html.erb (3.3ms)
Completed 200 OK in 15ms (Views: 8.4ms | ActiveRecord: 0.0ms)


Started GET "/posts" for ::1 at 2021-06-28 23:13:03 -0400
Processing by PostsController#index as HTML
  Rendering posts/index.html.erb within layouts/application
  [1m[36mPost Load (0.2ms)[0m  [1m[34mSELECT "posts".* FROM "posts"[0m
  Rendered posts/index.html.erb within layouts/application (5.6ms)
Completed 200 OK in 204ms (Views: 200.7ms | ActiveRecord: 0.7ms)


Started GET "/posts/new" for ::1 at 2021-06-28 23:13:08 -0400
Processing by PostsController#new as HTML
  Rendering posts/new.html.erb within layouts/application
  Rendered posts/new.html.erb within layouts/application (1.2ms)
Completed 200 OK in 14ms (Views: 13.2ms | ActiveRecord: 0.0ms)


Started POST "/posts" for ::1 at 2021-06-28 23:13:15 -0400
Processing by PostsController#create as HTML
  Parameters: {"utf8"=>"✓", "authenticity_token"=>"ntIyapkBrXQhZPyMzodcFFydfkRjTCrDPEyIhxlPHI6+hBwPgAqIuwzE0MgPHZ5NMBa7A9Fp1O2NkZz1WB76Gg==", "title"=>"asdfas", "description"=>"asdfasdf", "commit"=>"Submit Post"}
  [1m[35m (0.1ms)[0m  [1m[36mbegin transaction[0m
  [1m[35mSQL (0.6ms)[0m  [1m[32mINSERT INTO "posts" ("title", "description", "created_at", "updated_at") VALUES (?, ?, ?, ?)[0m  [["title", "asdfas"], ["description", "asdfasdf"], ["created_at", "2021-06-29 03:13:15.502394"], ["updated_at", "2021-06-29 03:13:15.502394"]]
  [1m[35m (1.3ms)[0m  [1m[36mcommit transaction[0m
No template found for PostsController#create, rendering head :no_content
Completed 204 No Content in 31ms (ActiveRecord: 1.9ms)


Started POST "/posts" for ::1 at 2021-06-28 23:15:21 -0400
Processing by PostsController#create as HTML
  Parameters: {"utf8"=>"✓", "authenticity_token"=>"ntIyapkBrXQhZPyMzodcFFydfkRjTCrDPEyIhxlPHI6+hBwPgAqIuwzE0MgPHZ5NMBa7A9Fp1O2NkZz1WB76Gg==", "title"=>"sdf", "description"=>"asdfasdf", "commit"=>"Submit Post"}
  [1m[35m (0.1ms)[0m  [1m[36mbegin transaction[0m
  [1m[35mSQL (0.4ms)[0m  [1m[32mINSERT INTO "posts" ("title", "description", "created_at", "updated_at") VALUES (?, ?, ?, ?)[0m  [["title", "sdf"], ["description", "asdfasdf"], ["created_at", "2021-06-29 03:15:21.540406"], ["updated_at", "2021-06-29 03:15:21.540406"]]
  [1m[35m (1.4ms)[0m  [1m[36mcommit transaction[0m
No template found for PostsController#create, rendering head :no_content
Completed 204 No Content in 36ms (ActiveRecord: 1.9ms)


Started GET "/posts/new" for ::1 at 2021-06-28 23:17:44 -0400
Processing by PostsController#new as */*
  Rendering posts/new.html.erb within layouts/application
  Rendered posts/new.html.erb within layouts/application (0.9ms)
Completed 200 OK in 24ms (Views: 18.2ms | ActiveRecord: 0.0ms)


Started GET "/posts/new" for ::1 at 2021-06-28 23:21:32 -0400
Processing by PostsController#new as HTML
  Rendering posts/new.html.erb within layouts/application
  Rendered posts/new.html.erb within layouts/application (1.0ms)
Completed 200 OK in 14ms (Views: 12.7ms | ActiveRecord: 0.0ms)


Started POST "/posts" for ::1 at 2021-06-28 23:21:41 -0400
Processing by PostsController#create as HTML
  Parameters: {"utf8"=>"✓", "authenticity_token"=>"XyNIuCQ0qZN8y6CsD4VGQay4jzSXF2JEsYknXsjRQux/dWbdPT+MXFFrjOjOH4QYwDNKcyUynGoAVDMsiYCkeA==", "title"=>"ygy", "description"=>"jgjh", "commit"=>"Submit Post"}
  [1m[35m (0.1ms)[0m  [1m[36mbegin transaction[0m
  [1m[35mSQL (0.4ms)[0m  [1m[32mINSERT INTO "posts" ("title", "description", "created_at", "updated_at") VALUES (?, ?, ?, ?)[0m  [["title", "ygy"], ["description", "jgjh"], ["created_at", "2021-06-29 03:21:41.093969"], ["updated_at", "2021-06-29 03:21:41.093969"]]
  [1m[35m (1.2ms)[0m  [1m[36mcommit transaction[0m
No template found for PostsController#create, rendering head :no_content
Completed 204 No Content in 27ms (ActiveRecord: 1.6ms)


Started GET "/posts/new" for ::1 at 2021-06-28 23:24:21 -0400
Processing by PostsController#new as HTML
  Rendering posts/new.html.erb within layouts/application
  Rendered posts/new.html.erb within layouts/application (0.8ms)
Completed 200 OK in 13ms (Views: 11.7ms | ActiveRecord: 0.0ms)


Started POST "/posts" for ::1 at 2021-06-28 23:24:29 -0400
Processing by PostsController#create as HTML
  Parameters: {"utf8"=>"✓", "authenticity_token"=>"pjSCGec+XH/bU1AQJZ96MvKA1qArnQzqDy9Ww4fXLQaGYqx8/jV5sPbzfFTkBbhrngsT55m48sS+8kKxxobLkg==", "title"=>"sdf", "description"=>"adfasdf", "commit"=>"Submit Post"}
  [1m[35m (0.0ms)[0m  [1m[36mbegin transaction[0m
  [1m[35mSQL (0.3ms)[0m  [1m[32mINSERT INTO "posts" ("title", "description", "created_at", "updated_at") VALUES (?, ?, ?, ?)[0m  [["title", "sdf"], ["description", "adfasdf"], ["created_at", "2021-06-29 03:24:29.183491"], ["updated_at", "2021-06-29 03:24:29.183491"]]
  [1m[35m (1.4ms)[0m  [1m[36mcommit transaction[0m
No template found for PostsController#create, rendering head :no_content
Completed 204 No Content in 22ms (ActiveRecord: 1.7ms)


Started GET "/" for ::1 at 2021-06-28 23:27:39 -0400
  [1m[36mActiveRecord::SchemaMigration Load (0.1ms)[0m  [1m[34mSELECT "schema_migrations".* FROM "schema_migrations"[0m
Processing by Rails::WelcomeController#index as HTML
  Parameters: {"internal"=>true}
  Rendering /Users/mdstephens26/.rvm/gems/ruby-2.6.1/gems/railties-5.0.7.2/lib/rails/templates/rails/welcome/index.html.erb
  Rendered /Users/mdstephens26/.rvm/gems/ruby-2.6.1/gems/railties-5.0.7.2/lib/rails/templates/rails/welcome/index.html.erb (3.4ms)
Completed 200 OK in 15ms (Views: 8.2ms | ActiveRecord: 0.0ms)


Started GET "/posts/new" for ::1 at 2021-06-28 23:27:48 -0400
Processing by PostsController#new as HTML
  Rendering posts/new.html.erb within layouts/application
  Rendered posts/new.html.erb within layouts/application (4.0ms)
Completed 200 OK in 196ms (Views: 189.2ms | ActiveRecord: 0.5ms)


Started POST "/posts" for ::1 at 2021-06-28 23:27:53 -0400
Processing by PostsController#create as HTML
  Parameters: {"utf8"=>"✓", "authenticity_token"=>"bIhOlWn9lDyCiWK22tnOgCKKGzcGZ3pOR+IsbDBLcmJM3mDwcPax868pTvIbQwzZTgHecLRChGD2PzgecRqU9g==", "title"=>"df", "description"=>"adfasdf", "commit"=>"Submit Post"}
  [1m[35m (0.1ms)[0m  [1m[36mbegin transaction[0m
  [1m[35mSQL (0.5ms)[0m  [1m[32mINSERT INTO "posts" ("title", "description", "created_at", "updated_at") VALUES (?, ?, ?, ?)[0m  [["title", "df"], ["description", "adfasdf"], ["created_at", "2021-06-29 03:27:53.380362"], ["updated_at", "2021-06-29 03:27:53.380362"]]
  [1m[35m (0.7ms)[0m  [1m[36mcommit transaction[0m
No template found for PostsController#create, rendering head :no_content
Completed 204 No Content in 23ms (ActiveRecord: 1.3ms)


Started GET "/posts/new" for ::1 at 2021-06-28 23:31:44 -0400
  [1m[36mActiveRecord::SchemaMigration Load (0.6ms)[0m  [1m[34mSELECT "schema_migrations".* FROM "schema_migrations"[0m
Processing by PostsController#new as HTML
  Rendering posts/new.html.erb within layouts/application
  Rendered posts/new.html.erb within layouts/application (5.6ms)
Completed 200 OK in 203ms (Views: 192.6ms | ActiveRecord: 0.4ms)


Started POST "/posts" for ::1 at 2021-06-28 23:31:49 -0400
Processing by PostsController#create as HTML
  Parameters: {"utf8"=>"✓", "authenticity_token"=>"g/pS47n+VK/xXhHXQ+qpW4cFjqZMDyUodEkERRw3AXGjrHyGoPVxYNz+PZOCcGsC645L4f4q2wbFlBA3XWbn5Q==", "title"=>"adf", "description"=>"asdf", "commit"=>"Submit Post"}
  [1m[35m (0.0ms)[0m  [1m[36mbegin transaction[0m
  [1m[35mSQL (1.0ms)[0m  [1m[32mINSERT INTO "posts" ("title", "description", "created_at", "updated_at") VALUES (?, ?, ?, ?)[0m  [["title", "adf"], ["description", "asdf"], ["created_at", "2021-06-29 03:31:49.806763"], ["updated_at", "2021-06-29 03:31:49.806763"]]
  [1m[35m (0.7ms)[0m  [1m[36mcommit transaction[0m
No template found for PostsController#create, rendering head :no_content
Completed 204 No Content in 27ms (ActiveRecord: 1.8ms)


Started POST "/posts" for ::1 at 2021-06-28 23:33:26 -0400
  [1m[36mActiveRecord::SchemaMigration Load (0.1ms)[0m  [1m[34mSELECT "schema_migrations".* FROM "schema_migrations"[0m
Processing by PostsController#create as HTML
  Parameters: {"utf8"=>"✓", "authenticity_token"=>"bIhOlWn9lDyCiWK22tnOgCKKGzcGZ3pOR+IsbDBLcmJM3mDwcPax868pTvIbQwzZTgHecLRChGD2PzgecRqU9g==", "title"=>"df", "description"=>"adfasdf", "commit"=>"Submit Post"}
  [1m[35m (0.0ms)[0m  [1m[36mbegin transaction[0m
  [1m[35mSQL (0.4ms)[0m  [1m[32mINSERT INTO "posts" ("title", "description", "created_at", "updated_at") VALUES (?, ?, ?, ?)[0m  [["title", "df"], ["description", "adfasdf"], ["created_at", "2021-06-29 03:33:26.349185"], ["updated_at", "2021-06-29 03:33:26.349185"]]
  [1m[35m (1.0ms)[0m  [1m[36mcommit transaction[0m
No template found for PostsController#create, rendering head :no_content
Completed 204 No Content in 27ms (ActiveRecord: 1.8ms)


Started GET "/posts/new" for ::1 at 2021-06-28 23:39:45 -0400
Processing by PostsController#new as HTML
  Rendering posts/new.html.erb within layouts/application
  Rendered posts/new.html.erb within layouts/application (4.2ms)
Completed 200 OK in 183ms (Views: 181.8ms | ActiveRecord: 0.0ms)


Started POST "/posts" for ::1 at 2021-06-28 23:39:51 -0400
Processing by PostsController#create as HTML
  Parameters: {"utf8"=>"✓", "authenticity_token"=>"iGOvGgB3LvXootesR57xl5RmnrYifJagQzKhPTLFYVeoNYF/GXwLOsUC++iGBDPO+O1b8ZBZaI7y77VPc5SHww==", "title"=>"sdf", "description"=>"khg", "commit"=>"Submit Post"}
  [1m[35m (0.1ms)[0m  [1m[36mbegin transaction[0m
  [1m[35mSQL (0.6ms)[0m  [1m[32mINSERT INTO "posts" ("title", "description", "created_at", "updated_at") VALUES (?, ?, ?, ?)[0m  [["title", "sdf"], ["description", "khg"], ["created_at", "2021-06-29 03:39:51.273993"], ["updated_at", "2021-06-29 03:39:51.273993"]]
  [1m[35m (1.2ms)[0m  [1m[36mcommit transaction[0m
No template found for PostsController#create, rendering head :no_content
Completed 204 No Content in 26ms (ActiveRecord: 1.8ms)


Started GET "/posts/new" for ::1 at 2021-06-28 23:40:03 -0400
Processing by PostsController#new as HTML
  Rendering posts/new.html.erb within layouts/application
  Rendered posts/new.html.erb within layouts/application (0.9ms)
Completed 200 OK in 11ms (Views: 10.0ms | ActiveRecord: 0.0ms)


Started POST "/posts" for ::1 at 2021-06-28 23:40:09 -0400
Processing by PostsController#create as HTML
  Parameters: {"utf8"=>"✓", "authenticity_token"=>"BYdyYn6L60M9xRQCcpntx5bgyRUKz4IT0G7HoFqcUc8l0VwHZ4DOjBBlOEazAy+e+msMUrjqfD1hs9PSG823Ww==", "title"=>"asdfas", "description"=>"hbkhb", "commit"=>"Submit Post"}
  [1m[35m (0.1ms)[0m  [1m[36mbegin transaction[0m
  [1m[35mSQL (0.4ms)[0m  [1m[32mINSERT INTO "posts" ("title", "description", "created_at", "updated_at") VALUES (?, ?, ?, ?)[0m  [["title", "asdfas"], ["description", "hbkhb"], ["created_at", "2021-06-29 03:40:09.421466"], ["updated_at", "2021-06-29 03:40:09.421466"]]
  [1m[35m (1.0ms)[0m  [1m[36mcommit transaction[0m
No template found for PostsController#create, rendering head :no_content
Completed 204 No Content in 25ms (ActiveRecord: 1.4ms)


Started GET "/posts/new" for ::1 at 2021-06-28 23:40:51 -0400
Processing by PostsController#new as HTML
  Rendering posts/new.html.erb within layouts/application
  Rendered posts/new.html.erb within layouts/application (0.8ms)
Completed 200 OK in 13ms (Views: 11.8ms | ActiveRecord: 0.0ms)


Started POST "/posts" for ::1 at 2021-06-28 23:40:58 -0400
Processing by PostsController#create as HTML
  Parameters: {"utf8"=>"✓", "authenticity_token"=>"2dh4w0PWZmaQ0w52aJit+053z+QkwQbGOP9R3bqbqrb5jlamWt1Dqb1zIjKpAm+iIvwKo5bk+OiJIkWv+8pMIg==", "title"=>"sdf", "description"=>"hbkh\r\n", "commit"=>"Submit Post"}
  [1m[35m (0.1ms)[0m  [1m[36mbegin transaction[0m
  [1m[35mSQL (0.4ms)[0m  [1m[32mINSERT INTO "posts" ("title", "description", "created_at", "updated_at") VALUES (?, ?, ?, ?)[0m  [["title", "sdf"], ["description", "hbkh\r\n"], ["created_at", "2021-06-29 03:40:58.930345"], ["updated_at", "2021-06-29 03:40:58.930345"]]
  [1m[35m (1.2ms)[0m  [1m[36mcommit transaction[0m
No template found for PostsController#create, rendering head :no_content
Completed 204 No Content in 25ms (ActiveRecord: 1.6ms)


Started GET "/posts/new" for 127.0.0.1 at 2021-06-30 20:55:41 -0400
  [1m[36mActiveRecord::SchemaMigration Load (0.5ms)[0m  [1m[34mSELECT "schema_migrations".* FROM "schema_migrations"[0m
Processing by PostsController#new as HTML
  Rendering posts/new.html.erb within layouts/application
  Rendered posts/new.html.erb within layouts/application (7.5ms)
Completed 200 OK in 251ms (Views: 237.8ms | ActiveRecord: 0.5ms)


Started POST "/posts" for 127.0.0.1 at 2021-06-30 20:55:47 -0400
Processing by PostsController#create as HTML
  Parameters: {"utf8"=>"✓", "authenticity_token"=>"GpjuXudDUOYiobGHg7W1ZVTNJMgm581Siy2m4/BV+sIuW25u7mE5oxhgdx93HAbD0lSFSKJc6Agw5E8Yk/4dUw==", "title"=>"asdf", "description"=>"asdf", "commit"=>"Submit Post"}
  [1m[35m (0.1ms)[0m  [1m[36mbegin transaction[0m
  [1m[35mSQL (1.1ms)[0m  [1m[32mINSERT INTO "posts" ("title", "description", "created_at", "updated_at") VALUES (?, ?, ?, ?)[0m  [["title", "asdf"], ["description", "asdf"], ["created_at", "2021-07-01 00:55:47.691431"], ["updated_at", "2021-07-01 00:55:47.691431"]]
  [1m[35m (0.9ms)[0m  [1m[36mcommit transaction[0m
No template found for PostsController#create, rendering head :no_content
Completed 204 No Content in 39ms (ActiveRecord: 2.0ms)


Started GET "/" for ::1 at 2021-06-30 20:57:17 -0400
Processing by Rails::WelcomeController#index as HTML
  Parameters: {"internal"=>true}
  Rendering /Users/mdstephens26/.rvm/gems/ruby-2.6.1/gems/railties-5.0.7.2/lib/rails/templates/rails/welcome/index.html.erb
  Rendered /Users/mdstephens26/.rvm/gems/ruby-2.6.1/gems/railties-5.0.7.2/lib/rails/templates/rails/welcome/index.html.erb (2.9ms)
Completed 200 OK in 8ms (Views: 4.8ms | ActiveRecord: 0.0ms)


Started GET "/posts/new" for ::1 at 2021-06-30 20:57:25 -0400
Processing by PostsController#new as HTML
  Rendering posts/new.html.erb within layouts/application
  Rendered posts/new.html.erb within layouts/application (1.5ms)
Completed 200 OK in 37ms (Views: 35.2ms | ActiveRecord: 0.0ms)


Started POST "/posts" for ::1 at 2021-06-30 20:59:35 -0400
Processing by PostsController#create as HTML
  Parameters: {"utf8"=>"✓", "authenticity_token"=>"3lEOrZvQ3hz+0AF5Q8JePNdHqLpQ6P+MLjh8DivInW7+ByDIgtv709NwLT2CWJxlu8xt/eLNAaKf5Wh8apl7+g==", "title"=>"aSD", "description"=>"asdaSD", "commit"=>"Submit Post"}
  [1m[35m (0.3ms)[0m  [1m[36mbegin transaction[0m
  [1m[35mSQL (0.4ms)[0m  [1m[32mINSERT INTO "posts" ("title", "description", "created_at", "updated_at") VALUES (?, ?, ?, ?)[0m  [["title", "aSD"], ["description", "asdaSD"], ["created_at", "2021-07-01 00:59:35.414499"], ["updated_at", "2021-07-01 00:59:35.414499"]]
  [1m[35m (1.2ms)[0m  [1m[36mcommit transaction[0m
No template found for PostsController#create, rendering head :no_content
Completed 204 No Content in 34ms (ActiveRecord: 1.8ms)


Started GET "/posts/new" for ::1 at 2021-06-30 21:05:22 -0400
Processing by PostsController#new as HTML
  Rendering posts/new.html.erb within layouts/application
  Rendered posts/new.html.erb within layouts/application (2.8ms)
Completed 200 OK in 57ms (Views: 53.9ms | ActiveRecord: 0.0ms)


Started POST "/posts" for ::1 at 2021-06-30 21:05:27 -0400
Processing by PostsController#create as HTML
  Parameters: {"utf8"=>"✓", "authenticity_token"=>"4j90B/QgUM30UGHPsjkrZjX1L0myF468+JXYmgGW/lrCaVpi7St1AtnwTYtzo+k/WX7qDgAycJJJSMzoQMcYzg==", "title"=>"wd", "description"=>"edcedc", "commit"=>"Submit Post"}
  [1m[35m (1.4ms)[0m  [1m[36mbegin transaction[0m
  [1m[35mSQL (0.4ms)[0m  [1m[32mINSERT INTO "posts" ("title", "description", "created_at", "updated_at") VALUES (?, ?, ?, ?)[0m  [["title", "wd"], ["description", "edcedc"], ["created_at", "2021-07-01 01:05:27.190033"], ["updated_at", "2021-07-01 01:05:27.190033"]]
  [1m[35m (0.8ms)[0m  [1m[36mcommit transaction[0m
No template found for PostsController#create, rendering head :no_content
Completed 204 No Content in 34ms (ActiveRecord: 2.6ms)


Started GET "/posts/new" for ::1 at 2021-06-30 21:07:11 -0400
Processing by PostsController#new as HTML
  Rendering posts/new.html.erb within layouts/application
  Rendered posts/new.html.erb within layouts/application (10.5ms)
Completed 200 OK in 85ms (Views: 63.5ms | ActiveRecord: 0.0ms)


Started POST "/posts" for ::1 at 2021-06-30 21:07:15 -0400
Processing by PostsController#create as HTML
  Parameters: {"utf8"=>"✓", "authenticity_token"=>"8WXLaiS+afjI8/Z/+rPLZsO4wMWKDXrq3cWP83p8RnTRM+UPPbVMN+VT2js7KQk/rzMFgjgohMRsGJuBOy2g4A==", "title"=>"wdc", "description"=>"wdcwd", "commit"=>"Submit Post"}
  [1m[35m (0.3ms)[0m  [1m[36mbegin transaction[0m
  [1m[35mSQL (0.7ms)[0m  [1m[32mINSERT INTO "posts" ("title", "description", "created_at", "updated_at") VALUES (?, ?, ?, ?)[0m  [["title", "wdc"], ["description", "wdcwd"], ["created_at", "2021-07-01 01:07:15.590044"], ["updated_at", "2021-07-01 01:07:15.590044"]]
  [1m[35m (0.9ms)[0m  [1m[36mcommit transaction[0m
No template found for PostsController#create, rendering head :no_content
Completed 204 No Content in 33ms (ActiveRecord: 1.9ms)


Started GET "/posts/new" for ::1 at 2021-06-30 21:07:35 -0400
Processing by PostsController#new as HTML
  Rendering posts/new.html.erb within layouts/application
  Rendered posts/new.html.erb within layouts/application (1.0ms)
Completed 200 OK in 19ms (Views: 17.1ms | ActiveRecord: 0.0ms)


Started POST "/posts" for ::1 at 2021-06-30 21:07:40 -0400
Processing by PostsController#create as HTML
  Parameters: {"utf8"=>"✓", "authenticity_token"=>"jIi1h5U/MV8iin/EAj3cVXOxkVfhwqR5d5Gig64gNaCs3pvijDQUkA8qU4DDpx4MHzpUEFPnWlfGTLbx73HTNA==", "title"=>"edc", "description"=>"3edcedc", "commit"=>"Submit Post"}
  [1m[35m (0.1ms)[0m  [1m[36mbegin transaction[0m
  [1m[35mSQL (0.9ms)[0m  [1m[32mINSERT INTO "posts" ("title", "description", "created_at", "updated_at") VALUES (?, ?, ?, ?)[0m  [["title", "edc"], ["description", "3edcedc"], ["created_at", "2021-07-01 01:07:40.601489"], ["updated_at", "2021-07-01 01:07:40.601489"]]
  [1m[35m (1.3ms)[0m  [1m[36mcommit transaction[0m
No template found for PostsController#create, rendering head :no_content
Completed 204 No Content in 32ms (ActiveRecord: 2.3ms)


Started GET "/posts/new" for ::1 at 2021-06-30 21:08:24 -0400
Processing by PostsController#new as HTML
  Rendering posts/new.html.erb within layouts/application
  Rendered posts/new.html.erb within layouts/application (2.8ms)
Completed 200 OK in 24ms (Views: 21.8ms | ActiveRecord: 0.0ms)


Started POST "/posts" for ::1 at 2021-06-30 21:08:27 -0400
Processing by PostsController#create as HTML
  Parameters: {"utf8"=>"✓", "authenticity_token"=>"VRZPnZCyc+vYQX/JVUBUvVNjcU9Wc50zm7sQ/pIt4/11QGH4iblWJPXhU42U2pbkP+i0CORWYx0qZgSM03wFaQ==", "title"=>"edce", "description"=>"ecdcedc", "commit"=>"Submit Post"}
  [1m[35m (0.1ms)[0m  [1m[36mbegin transaction[0m
  [1m[35mSQL (0.5ms)[0m  [1m[32mINSERT INTO "posts" ("title", "description", "created_at", "updated_at") VALUES (?, ?, ?, ?)[0m  [["title", "edce"], ["description", "ecdcedc"], ["created_at", "2021-07-01 01:08:27.986047"], ["updated_at", "2021-07-01 01:08:27.986047"]]
  [1m[35m (0.8ms)[0m  [1m[36mcommit transaction[0m
No template found for PostsController#create, rendering head :no_content
Completed 204 No Content in 29ms (ActiveRecord: 1.3ms)


  [1m[36mActiveRecord::SchemaMigration Load (0.1ms)[0m  [1m[34mSELECT "schema_migrations".* FROM "schema_migrations"[0m
  [1m[36mActiveRecord::InternalMetadata Load (0.1ms)[0m  [1m[34mSELECT  "ar_internal_metadata".* FROM "ar_internal_metadata" WHERE "ar_internal_metadata"."key" = ? LIMIT ?[0m  [["key", "environment"], ["LIMIT", 1]]
  [1m[35m (0.0ms)[0m  [1m[36mbegin transaction[0m
  [1m[35m (0.0ms)[0m  [1m[36mcommit transaction[0m
  [1m[36mActiveRecord::SchemaMigration Load (0.0ms)[0m  [1m[34mSELECT "schema_migrations".* FROM "schema_migrations"[0m
Started GET "/posts/new" for ::1 at 2021-06-30 21:18:37 -0400
  [1m[36mActiveRecord::SchemaMigration Load (0.1ms)[0m  [1m[34mSELECT "schema_migrations".* FROM "schema_migrations"[0m
Processing by PostsController#new as HTML
  Rendering posts/new.html.erb within layouts/application
  Rendered posts/new.html.erb within layouts/application (6.6ms)
Completed 200 OK in 243ms (Views: 229.1ms | ActiveRecord: 0.5ms)


Started POST "/posts" for ::1 at 2021-06-30 21:18:42 -0400
Processing by PostsController#create as HTML
  Parameters: {"utf8"=>"✓", "authenticity_token"=>"a5rzoki06PR8krs49SVDKAlPj3DIHnfERdHR086LOxhLzN3HUb/NO1Eyl3w0v4FxZcRKN3o7ier0DMWhj9rdjA==", "title"=>"sdfasdf", "description"=>"asdfasdf", "commit"=>"Submit Post"}
  [1m[35m (0.1ms)[0m  [1m[36mbegin transaction[0m
  [1m[35mSQL (0.7ms)[0m  [1m[32mINSERT INTO "posts" ("title", "description", "created_at", "updated_at") VALUES (?, ?, ?, ?)[0m  [["title", "sdfasdf"], ["description", "asdfasdf"], ["created_at", "2021-07-01 01:18:42.018187"], ["updated_at", "2021-07-01 01:18:42.018187"]]
  [1m[35m (0.9ms)[0m  [1m[36mcommit transaction[0m
No template found for PostsController#create, rendering head :no_content
Completed 204 No Content in 30ms (ActiveRecord: 1.8ms)


Started GET "/posts/new" for ::1 at 2021-06-30 21:21:09 -0400
Processing by PostsController#new as HTML
  Rendering posts/new.html.erb within layouts/application
  Rendered posts/new.html.erb within layouts/application (0.8ms)
Completed 200 OK in 14ms (Views: 13.1ms | ActiveRecord: 0.0ms)


Started POST "/posts" for ::1 at 2021-06-30 21:21:12 -0400
Processing by PostsController#create as HTML
  Parameters: {"utf8"=>"✓", "authenticity_token"=>"bpVR2bEc5Qo0fMqmHC2H3tUzFCyZGYOKpikozgLFcVpOw3+8qBfAxRnc5uLdt0WHubjRays8faQX9Dy8Q5SXzg==", "title"=>"asdf", "description"=>"asdf", "commit"=>"Submit Post"}
  [1m[35m (0.1ms)[0m  [1m[36mbegin transaction[0m
  [1m[35mSQL (0.5ms)[0m  [1m[32mINSERT INTO "posts" ("title", "description", "created_at", "updated_at") VALUES (?, ?, ?, ?)[0m  [["title", "asdf"], ["description", "asdf"], ["created_at", "2021-07-01 01:21:12.945324"], ["updated_at", "2021-07-01 01:21:12.945324"]]
  [1m[35m (1.0ms)[0m  [1m[36mcommit transaction[0m
No template found for PostsController#create, rendering head :no_content
Completed 204 No Content in 32ms (ActiveRecord: 1.6ms)


Started GET "/posts/new" for ::1 at 2021-06-30 21:21:39 -0400
Processing by PostsController#new as HTML
  Rendering posts/new.html.erb within layouts/application
  Rendered posts/new.html.erb within layouts/application (0.8ms)
Completed 200 OK in 11ms (Views: 9.9ms | ActiveRecord: 0.0ms)


Started POST "/posts" for ::1 at 2021-06-30 21:21:43 -0400
Processing by PostsController#create as HTML
  Parameters: {"utf8"=>"✓", "authenticity_token"=>"d4c8/2OaHZ0d9kCH/l0gPcA8IumuxN0yimUMMS7aP0ZX0RKaepE4UjBWbMM/x+JkrLfnrhzhIxw7uBhDb4vZ0g==", "title"=>"adsfasdf", "description"=>"adfasdfasdf", "commit"=>"Submit Post"}
  [1m[35m (0.1ms)[0m  [1m[36mbegin transaction[0m
  [1m[35mSQL (0.5ms)[0m  [1m[32mINSERT INTO "posts" ("title", "description", "created_at", "updated_at") VALUES (?, ?, ?, ?)[0m  [["title", "adsfasdf"], ["description", "adfasdfasdf"], ["created_at", "2021-07-01 01:21:43.561174"], ["updated_at", "2021-07-01 01:21:43.561174"]]
  [1m[35m (0.9ms)[0m  [1m[36mcommit transaction[0m
No template found for PostsController#create, rendering head :no_content
Completed 204 No Content in 27ms (ActiveRecord: 1.4ms)


Started GET "/posts/new" for ::1 at 2021-06-30 21:26:50 -0400
Processing by PostsController#new as HTML
  Rendering posts/new.html.erb within layouts/application
  Rendered posts/new.html.erb within layouts/application (0.8ms)
Completed 200 OK in 21ms (Views: 20.2ms | ActiveRecord: 0.0ms)


Started POST "/posts" for ::1 at 2021-06-30 21:26:57 -0400
Processing by PostsController#create as HTML
  Parameters: {"utf8"=>"✓", "authenticity_token"=>"WTXX5dzMV7r076apD6arDuHLciUdy4lskDz97LraeOd5Y/mAxcdyddlPiu3OPGlXjUC3Yq/ud0Ih4eme+4uecw==", "title"=>"dfgdfg", "description"=>"fgf g", "commit"=>"Submit Post"}
  [1m[35m (0.1ms)[0m  [1m[36mbegin transaction[0m
  [1m[35mSQL (0.4ms)[0m  [1m[32mINSERT INTO "posts" ("title", "description", "created_at", "updated_at") VALUES (?, ?, ?, ?)[0m  [["title", "dfgdfg"], ["description", "fgf g"], ["created_at", "2021-07-01 01:26:57.452004"], ["updated_at", "2021-07-01 01:26:57.452004"]]
  [1m[35m (0.9ms)[0m  [1m[36mcommit transaction[0m
No template found for PostsController#create, rendering head :no_content
Completed 204 No Content in 27ms (ActiveRecord: 1.4ms)


Started GET "/posts/new" for ::1 at 2021-06-30 21:31:04 -0400
  [1m[36mActiveRecord::SchemaMigration Load (0.4ms)[0m  [1m[34mSELECT "schema_migrations".* FROM "schema_migrations"[0m
Processing by PostsController#new as HTML
  Rendering posts/new.html.erb within layouts/application
  Rendered posts/new.html.erb within layouts/application (6.1ms)
Completed 200 OK in 231ms (Views: 218.3ms | ActiveRecord: 0.4ms)


Started POST "/posts" for ::1 at 2021-06-30 21:31:08 -0400
Processing by PostsController#create as HTML
  Parameters: {"utf8"=>"✓", "authenticity_token"=>"1KTKiuDjJvhm1op+/nUwvIIgRuKjhqJH5ghWHtMnifT08uTv+egDN0t2pjo/7/Ll7quDpRGjXGlX1UJsknZvYA==", "title"=>"asdfa", "description"=>"asdf", "commit"=>"Submit Post"}
  [1m[35m (0.1ms)[0m  [1m[36mbegin transaction[0m
  [1m[35mSQL (0.9ms)[0m  [1m[32mINSERT INTO "posts" ("title", "description", "created_at", "updated_at") VALUES (?, ?, ?, ?)[0m  [["title", "asdfa"], ["description", "asdf"], ["created_at", "2021-07-01 01:31:08.957684"], ["updated_at", "2021-07-01 01:31:08.957684"]]
  [1m[35m (1.0ms)[0m  [1m[36mcommit transaction[0m
No template found for PostsController#create, rendering head :no_content
Completed 204 No Content in 39ms (ActiveRecord: 2.0ms)


Started GET "/posts/new" for ::1 at 2021-06-30 21:38:33 -0400
  [1m[36mActiveRecord::SchemaMigration Load (0.1ms)[0m  [1m[34mSELECT "schema_migrations".* FROM "schema_migrations"[0m
Processing by PostsController#new as HTML
  Rendering posts/new.html.erb within layouts/application
  Rendered posts/new.html.erb within layouts/application (6.5ms)
Completed 200 OK in 223ms (Views: 210.8ms | ActiveRecord: 0.4ms)


Started POST "/posts" for ::1 at 2021-06-30 21:38:37 -0400
Processing by PostsController#create as HTML
  Parameters: {"utf8"=>"✓", "authenticity_token"=>"UBzLIoqu9ezY/GlLjjfciUxrRs6f+uFWb+3g8TZrN5twSuVHk6XQI/VcRQ9PrR7QIOCDiS3fH3jeMPSDdzrRDw==", "title"=>"asdfas", "description"=>"asdfasdf", "commit"=>"Submit Post"}
  [1m[35m (0.1ms)[0m  [1m[36mbegin transaction[0m
  [1m[35mSQL (0.5ms)[0m  [1m[32mINSERT INTO "posts" ("title", "description", "created_at", "updated_at") VALUES (?, ?, ?, ?)[0m  [["title", "asdfas"], ["description", "asdfasdf"], ["created_at", "2021-07-01 01:38:37.724163"], ["updated_at", "2021-07-01 01:38:37.724163"]]
  [1m[35m (0.7ms)[0m  [1m[36mcommit transaction[0m
No template found for PostsController#create, rendering head :no_content
Completed 204 No Content in 28ms (ActiveRecord: 1.3ms)


Started GET "/posts/new" for ::1 at 2021-06-30 21:39:16 -0400
Processing by PostsController#new as HTML
  Rendering posts/new.html.erb within layouts/application
  Rendered posts/new.html.erb within layouts/application (0.7ms)
Completed 200 OK in 12ms (Views: 11.1ms | ActiveRecord: 0.0ms)


Started POST "/posts" for ::1 at 2021-06-30 21:39:20 -0400
Processing by PostsController#create as HTML
  Parameters: {"utf8"=>"✓", "authenticity_token"=>"nFnINrsmoyVq15hQJpDEmYStz9mPk7Z/s9KprDBi4ya8D+ZToi2G6kd3tBTnCgbA6CYKnj22SFECD73ecTMFsg==", "title"=>"asdfa", "description"=>"asdf", "commit"=>"Submit Post"}
  [1m[35m (0.1ms)[0m  [1m[36mbegin transaction[0m
  [1m[35mSQL (0.4ms)[0m  [1m[32mINSERT INTO "posts" ("title", "description", "created_at", "updated_at") VALUES (?, ?, ?, ?)[0m  [["title", "asdfa"], ["description", "asdf"], ["created_at", "2021-07-01 01:39:20.111610"], ["updated_at", "2021-07-01 01:39:20.111610"]]
  [1m[35m (0.9ms)[0m  [1m[36mcommit transaction[0m
  Rendering posts/create.html.erb within layouts/application
  Rendered posts/create.html.erb within layouts/application (0.3ms)
Completed 200 OK in 17ms (Views: 12.1ms | ActiveRecord: 1.5ms)


Started GET "/posts" for ::1 at 2021-06-30 21:39:34 -0400
Processing by PostsController#index as HTML
  Rendering posts/index.html.erb within layouts/application
  [1m[36mPost Load (0.3ms)[0m  [1m[34mSELECT "posts".* FROM "posts"[0m
  Rendered posts/index.html.erb within layouts/application (2.2ms)
Completed 200 OK in 15ms (Views: 13.8ms | ActiveRecord: 0.3ms)


Started GET "/posts/new" for ::1 at 2021-06-30 21:39:45 -0400
Processing by PostsController#new as HTML
  Rendering posts/new.html.erb within layouts/application
  Rendered posts/new.html.erb within layouts/application (1.0ms)
Completed 200 OK in 15ms (Views: 14.1ms | ActiveRecord: 0.0ms)


Started POST "/posts" for ::1 at 2021-06-30 21:39:55 -0400
Processing by PostsController#create as HTML
  Parameters: {"utf8"=>"✓", "authenticity_token"=>"jZ1tvPiCqWkgkEwTlnJoUZfwTuiZk6bVqVY2NMImCv2ty0PZ4YmMpg0wYFdX6KoI+3uLryu2WPsYiyJGg3fsaQ==", "title"=>"asdf", "description"=>"ksjdfl kasjdf lkasjd flkasjdf lkasdj flkasjd flkASDjf", "commit"=>"Submit Post"}
  [1m[35m (0.1ms)[0m  [1m[36mbegin transaction[0m
  [1m[35mSQL (0.5ms)[0m  [1m[32mINSERT INTO "posts" ("title", "description", "created_at", "updated_at") VALUES (?, ?, ?, ?)[0m  [["title", "asdf"], ["description", "ksjdfl kasjdf lkasjd flkasjdf lkasdj flkasjd flkASDjf"], ["created_at", "2021-07-01 01:39:55.114577"], ["updated_at", "2021-07-01 01:39:55.114577"]]
  [1m[35m (1.2ms)[0m  [1m[36mcommit transaction[0m
  Rendering posts/create.html.erb within layouts/application
  Rendered posts/create.html.erb within layouts/application (0.5ms)
Completed 200 OK in 17ms (Views: 12.4ms | ActiveRecord: 1.7ms)


  [1m[36mPost Load (0.1ms)[0m  [1m[34mSELECT  "posts".* FROM "posts" ORDER BY "posts"."id" DESC LIMIT ?[0m  [["LIMIT", 1]]
Started GET "/posts/new" for ::1 at 2021-06-30 21:46:47 -0400
  [1m[36mActiveRecord::SchemaMigration Load (0.1ms)[0m  [1m[34mSELECT "schema_migrations".* FROM "schema_migrations"[0m
Processing by PostsController#new as HTML
  Rendering posts/new.html.erb within layouts/application
  Rendered posts/new.html.erb within layouts/application (6.4ms)
Completed 200 OK in 214ms (Views: 201.6ms | ActiveRecord: 0.4ms)


Started POST "/posts" for ::1 at 2021-06-30 21:46:52 -0400
Processing by PostsController#create as HTML
  Parameters: {"utf8"=>"✓", "authenticity_token"=>"pOnPGNwv67goHvGrGAw4QgyxdmaK5aWY2+PYI5GzqFKEv+F9xSTOdwW+3e/ZlvobYDqzITjAW7ZqPsxR0OJOxg==", "title"=>"asdfasdf", "description"=>"sdfasdfasdf", "commit"=>"Submit Post"}
  [1m[35m (0.1ms)[0m  [1m[36mbegin transaction[0m
  [1m[35mSQL (0.8ms)[0m  [1m[32mINSERT INTO "posts" ("title", "description", "created_at", "updated_at") VALUES (?, ?, ?, ?)[0m  [["title", "asdfasdf"], ["description", "sdfasdfasdf"], ["created_at", "2021-07-01 01:46:52.727586"], ["updated_at", "2021-07-01 01:46:52.727586"]]
  [1m[35m (1.2ms)[0m  [1m[36mcommit transaction[0m
Completed 500 Internal Server Error in 5ms (ActiveRecord: 2.1ms)


  
ActionController::UrlGenerationError (No route matches {:action=>"show", :controller=>"posts", :id=>nil} missing required keys: [:id]):
  
app/controllers/posts_controller.rb:20:in `create'
  Rendering /Users/mdstephens26/.rvm/gems/ruby-2.6.1/gems/actionpack-5.0.7.2/lib/action_dispatch/middleware/templates/rescues/diagnostics.html.erb within rescues/layout
  Rendering /Users/mdstephens26/.rvm/gems/ruby-2.6.1/gems/actionpack-5.0.7.2/lib/action_dispatch/middleware/templates/rescues/_source.html.erb
  Rendered /Users/mdstephens26/.rvm/gems/ruby-2.6.1/gems/actionpack-5.0.7.2/lib/action_dispatch/middleware/templates/rescues/_source.html.erb (2.1ms)
  Rendering /Users/mdstephens26/.rvm/gems/ruby-2.6.1/gems/actionpack-5.0.7.2/lib/action_dispatch/middleware/templates/rescues/_trace.html.erb
  Rendered /Users/mdstephens26/.rvm/gems/ruby-2.6.1/gems/actionpack-5.0.7.2/lib/action_dispatch/middleware/templates/rescues/_trace.html.erb (1.2ms)
  Rendering /Users/mdstephens26/.rvm/gems/ruby-2.6.1/gems/actionpack-5.0.7.2/lib/action_dispatch/middleware/templates/rescues/_request_and_response.html.erb
  Rendered /Users/mdstephens26/.rvm/gems/ruby-2.6.1/gems/actionpack-5.0.7.2/lib/action_dispatch/middleware/templates/rescues/_request_and_response.html.erb (0.8ms)
  Rendered /Users/mdstephens26/.rvm/gems/ruby-2.6.1/gems/actionpack-5.0.7.2/lib/action_dispatch/middleware/templates/rescues/diagnostics.html.erb within rescues/layout (26.8ms)
